<?xml version="1.0" encoding="UTF-8"?>
<testsuites>
  <testsuite name="" tests="9" assertions="32" errors="0" warnings="0" failures="0" skipped="0" time="0.008307">
    <testsuite name="Project Test Suite" tests="9" assertions="32" errors="0" warnings="0" failures="0" skipped="0" time="0.008307">
      <testsuite name="App\Card\CardGraphicTest" file="/Users/irmagerguri/dbwebb-kurser/mvc/me/report/tests/Card/CardGraphicTest.php" tests="1" assertions="2" errors="0" warnings="0" failures="0" skipped="0" time="0.003537">
        <testcase name="testCreateCardGraphic" class="App\Card\CardGraphicTest" classname="App.Card.CardGraphicTest" file="/Users/irmagerguri/dbwebb-kurser/mvc/me/report/tests/Card/CardGraphicTest.php" line="16" assertions="2" time="0.003537"/>
      </testsuite>
      <testsuite name="App\Card\CardHandTest" file="/Users/irmagerguri/dbwebb-kurser/mvc/me/report/tests/Card/CardHandTest.php" tests="1" assertions="5" errors="0" warnings="0" failures="0" skipped="0" time="0.000356">
        <testcase name="testCreateCard" class="App\Card\CardHandTest" classname="App.Card.CardHandTest" file="/Users/irmagerguri/dbwebb-kurser/mvc/me/report/tests/Card/CardHandTest.php" line="16" assertions="5" time="0.000356"/>
      </testsuite>
      <testsuite name="App\Card\CardTest" file="/Users/irmagerguri/dbwebb-kurser/mvc/me/report/tests/Card/CardTest.php" tests="4" assertions="15" errors="0" warnings="0" failures="0" skipped="0" time="0.001361">
        <testcase name="testCreateCard" class="App\Card\CardTest" classname="App.Card.CardTest" file="/Users/irmagerguri/dbwebb-kurser/mvc/me/report/tests/Card/CardTest.php" line="16" assertions="2" time="0.000925"/>
        <testcase name="testValueOfCard" class="App\Card\CardTest" classname="App.Card.CardTest" file="/Users/irmagerguri/dbwebb-kurser/mvc/me/report/tests/Card/CardTest.php" line="28" assertions="3" time="0.000148"/>
        <testcase name="testACard" class="App\Card\CardTest" classname="App.Card.CardTest" file="/Users/irmagerguri/dbwebb-kurser/mvc/me/report/tests/Card/CardTest.php" line="41" assertions="4" time="0.000143"/>
        <testcase name="testGetNumberValue" class="App\Card\CardTest" classname="App.Card.CardTest" file="/Users/irmagerguri/dbwebb-kurser/mvc/me/report/tests/Card/CardTest.php" line="59" assertions="6" time="0.000145"/>
      </testsuite>
      <testsuite name="App\Card\DeckOfCardsTest" file="/Users/irmagerguri/dbwebb-kurser/mvc/me/report/tests/Card/DeckOfCardsTest.php" tests="1" assertions="4" errors="0" warnings="0" failures="0" skipped="0" time="0.001927">
        <testcase name="testCreateCard" class="App\Card\DeckOfCardsTest" classname="App.Card.DeckOfCardsTest" file="/Users/irmagerguri/dbwebb-kurser/mvc/me/report/tests/Card/DeckOfCardsTest.php" line="16" assertions="4" time="0.001927"/>
      </testsuite>
      <testsuite name="App\Dice\DiceTest" file="/Users/irmagerguri/dbwebb-kurser/mvc/me/report/tests/Dice/DiceTest.php" tests="2" assertions="6" errors="0" warnings="0" failures="0" skipped="0" time="0.001127">
        <testcase name="testCreateDice" class="App\Dice\DiceTest" classname="App.Dice.DiceTest" file="/Users/irmagerguri/dbwebb-kurser/mvc/me/report/tests/Dice/DiceTest.php" line="17" assertions="2" time="0.000311"/>
        <testcase name="testRollDice" class="App\Dice\DiceTest" classname="App.Dice.DiceTest" file="/Users/irmagerguri/dbwebb-kurser/mvc/me/report/tests/Dice/DiceTest.php" line="30" assertions="4" time="0.000816"/>
      </testsuite>
    </testsuite>
  </testsuite>
</testsuites>
